<?xml version="1.0" encoding="UTF-8"?>
<testng-results skipped="0" failed="0" ignored="0" total="1" passed="1">
  <reporter-output>
  </reporter-output>
  <suite name="Suite" duration-ms="32140" started-at="2019-05-22T22:53:14Z" finished-at="2019-05-22T22:53:47Z">
    <groups>
    </groups>
    <test name="Test" duration-ms="32140" started-at="2019-05-22T22:53:14Z" finished-at="2019-05-22T22:53:47Z">
      <class name="com.test.StartWarsCharacter">
        <test-method status="PASS" signature="specifiedStarWarPlanets()[pri:0, instance:com.test.StartWarsCharacter@61832929]" name="specifiedStarWarPlanets" duration-ms="31649" started-at="2019-05-22T22:53:15Z" finished-at="2019-05-22T22:53:46Z">
          <reporter-output>
          </reporter-output>
        </test-method> <!-- specifiedStarWarPlanets -->
      </class> <!-- com.test.StartWarsCharacter -->
    </test> <!-- Test -->
  </suite> <!-- Suite -->
</testng-results>
